<?xml version="1.0" encoding="UTF-8"?>
<!-- Generated by org.testng.reporters.JUnitReportReporter -->
<testsuite skipped="0" hostname="DESKTOP-KC0JV2H" name="testcases.LoginAndLogout" tests="1" failures="0" timestamp="2020-11-29T15:58:49 IST" time="13.303" errors="0">
  <testcase name="loginAndLogout" time="13.303" classname="testcases.LoginAndLogout"/>
  <system-out/>
</testsuite> <!-- testcases.LoginAndLogout -->
