<?xml version="1.0" encoding="UTF-8"?>
<!-- Generated by org.testng.reporters.JUnitReportReporter -->
<testsuite skipped="0" hostname="DESKTOP-KC0JV2H" name="testcases.LoginAndLogoutPageFactory" tests="1" failures="0" timestamp="2020-11-29T17:18:31 IST" time="8.933" errors="0">
  <testcase name="loginAndLogout" time="8.933" classname="testcases.LoginAndLogoutPageFactory"/>
  <system-out/>
</testsuite> <!-- testcases.LoginAndLogoutPageFactory -->
