<?xml version="1.0" encoding="UTF-8"?>
<!-- Generated by org.testng.reporters.JUnitReportReporter -->
<testsuite skipped="0" hostname="DESKTOP-KC0JV2H" name="testcases.CreateLead" tests="3" failures="0" timestamp="2020-11-28T18:10:08 IST" time="72.317" errors="0">
  <testcase name="runCreateLead" time="23.051" classname="testcases.CreateLead"/>
  <system-out/>
  <testcase name="runCreateLead" time="27.881" classname="testcases.CreateLead"/>
  <system-out/>
  <testcase name="runCreateLead" time="21.385" classname="testcases.CreateLead"/>
  <system-out/>
</testsuite> <!-- testcases.CreateLead -->
